# JRE version: Java(TM) SE Runtime Environment (7.0_80-b15) (build 1.7.0_80-b15)
# Java VM: Java HotSpot(TM) 64-Bit Server VM (24.80-b11 mixed mode windows-amd64 compressed oops)
Heap
 PSYoungGen      total 34304K, used 0K [0x00000007d5c00000, 0x00000007d8380000, 0x0000000800000000)
  eden space 28160K, 0% used [0x00000007d5c00000,0x00000007d5c00000,0x00000007d7780000)
  from space 6144K, 0% used [0x00000007d7d80000,0x00000007d7d80000,0x00000007d8380000)
  to   space 6144K, 0% used [0x00000007d7780000,0x00000007d7780000,0x00000007d7d80000)
 ParOldGen       total 1384448K, used 15694K [0x0000000781400000, 0x00000007d5c00000, 0x00000007d5c00000)
  object space 1384448K, 1% used [0x0000000781400000,0x0000000782353a50,0x00000007d5c00000)
 PSPermGen       total 83968K, used 83967K [0x000000077c200000, 0x0000000781400000, 0x0000000781400000)
  object space 83968K, 99% used [0x000000077c200000,0x00000007813ffff0,0x0000000781400000)
GC Heap History (10 events):
Event: 3690.842 GC heap before
{Heap before GC invocations=59 (full 15):
 PSYoungGen      total 33280K, used 0K [0x00000007d5c00000, 0x00000007d8380000, 0x0000000800000000)
  eden space 27136K, 0% used [0x00000007d5c00000,0x00000007d5c00000,0x00000007d7680000)
  from space 6144K, 0% used [0x00000007d7d80000,0x00000007d7d80000,0x00000007d8380000)
  to   space 6656K, 0% used [0x00000007d7680000,0x00000007d7680000,0x00000007d7d00000)
 ParOldGen       total 1384448K, used 15728K [0x0000000781400000, 0x00000007d5c00000, 0x00000007d5c00000)
  object space 1384448K, 1% used [0x0000000781400000,0x000000078235c160,0x00000007d5c00000)
 PSPermGen       total 83968K, used 83966K [0x000000077c200000, 0x0000000781400000, 0x0000000781400000)
  object space 83968K, 99% used [0x000000077c200000,0x00000007813ffbd0,0x0000000781400000)
Event: 3690.920 GC heap after
Heap after GC invocations=59 (full 15):
 PSYoungGen      total 33280K, used 0K [0x00000007d5c00000, 0x00000007d8380000, 0x0000000800000000)
  eden space 27136K, 0% used [0x00000007d5c00000,0x00000007d5c00000,0x00000007d7680000)
  from space 6144K, 0% used [0x00000007d7d80000,0x00000007d7d80000,0x00000007d8380000)
  to   space 6656K, 0% used [0x00000007d7680000,0x00000007d7680000,0x00000007d7d00000)
 ParOldGen       total 1384448K, used 15694K [0x0000000781400000, 0x00000007d5c00000, 0x00000007d5c00000)
  object space 1384448K, 1% used [0x0000000781400000,0x0000000782353a50,0x00000007d5c00000)
 PSPermGen       total 83968K, used 83961K [0x000000077c200000, 0x0000000781400000, 0x0000000781400000)
  object space 83968K, 99% used [0x000000077c200000,0x00000007813fe428,0x0000000781400000)
}
Event: 3690.920 GC heap before
{Heap before GC invocations=60 (full 15):
 PSYoungGen      total 33280K, used 2K [0x00000007d5c00000, 0x00000007d8380000, 0x0000000800000000)
  eden space 27136K, 0% used [0x00000007d5c00000,0x00000007d5c00930,0x00000007d7680000)
  from space 6144K, 0% used [0x00000007d7d80000,0x00000007d7d80000,0x00000007d8380000)
  to   space 6656K, 0% used [0x00000007d7680000,0x00000007d7680000,0x00000007d7d00000)
 ParOldGen       total 1384448K, used 15694K [0x0000000781400000, 0x00000007d5c00000, 0x00000007d5c00000)
  object space 1384448K, 1% used [0x0000000781400000,0x0000000782353a50,0x00000007d5c00000)
 PSPermGen       total 83968K, used 83967K [0x000000077c200000, 0x0000000781400000, 0x0000000781400000)
  object space 83968K, 99% used [0x000000077c200000,0x00000007813ffff0,0x0000000781400000)
Event: 3690.922 GC heap after
Heap after GC invocations=60 (full 15):
 PSYoungGen      total 33792K, used 32K [0x00000007d5c00000, 0x00000007d8400000, 0x0000000800000000)
  eden space 27136K, 0% used [0x00000007d5c00000,0x00000007d5c00000,0x00000007d7680000)
  from space 6656K, 0% used [0x00000007d7680000,0x00000007d7688000,0x00000007d7d00000)
  to   space 6656K, 0% used [0x00000007d7d80000,0x00000007d7d80000,0x00000007d8400000)
 ParOldGen       total 1384448K, used 15694K [0x0000000781400000, 0x00000007d5c00000, 0x00000007d5c00000)
  object space 1384448K, 1% used [0x0000000781400000,0x0000000782353a50,0x00000007d5c00000)
 PSPermGen       total 83968K, used 83967K [0x000000077c200000, 0x0000000781400000, 0x0000000781400000)
  object space 83968K, 99% used [0x000000077c200000,0x00000007813ffff0,0x0000000781400000)
}
Event: 3690.922 GC heap before
{Heap before GC invocations=61 (full 16):
 PSYoungGen      total 33792K, used 32K [0x00000007d5c00000, 0x00000007d8400000, 0x0000000800000000)
  eden space 27136K, 0% used [0x00000007d5c00000,0x00000007d5c00000,0x00000007d7680000)
  from space 6656K, 0% used [0x00000007d7680000,0x00000007d7688000,0x00000007d7d00000)
  to   space 6656K, 0% used [0x00000007d7d80000,0x00000007d7d80000,0x00000007d8400000)
 ParOldGen       total 1384448K, used 15694K [0x0000000781400000, 0x00000007d5c00000, 0x00000007d5c00000)
  object space 1384448K, 1% used [0x0000000781400000,0x0000000782353a50,0x00000007d5c00000)
 PSPermGen       total 83968K, used 83967K [0x000000077c200000, 0x0000000781400000, 0x0000000781400000)
  object space 83968K, 99% used [0x000000077c200000,0x00000007813ffff0,0x0000000781400000)
Event: 3690.992 GC heap after
Heap after GC invocations=61 (full 16):
 PSYoungGen      total 33792K, used 0K [0x00000007d5c00000, 0x00000007d8400000, 0x0000000800000000)
  eden space 27136K, 0% used [0x00000007d5c00000,0x00000007d5c00000,0x00000007d7680000)
  from space 6656K, 0% used [0x00000007d7680000,0x00000007d7680000,0x00000007d7d00000)
  to   space 6656K, 0% used [0x00000007d7d80000,0x00000007d7d80000,0x00000007d8400000)
 ParOldGen       total 1384448K, used 15694K [0x0000000781400000, 0x00000007d5c00000, 0x00000007d5c00000)
  object space 1384448K, 1% used [0x0000000781400000,0x0000000782353a50,0x00000007d5c00000)
 PSPermGen       total 83968K, used 83967K [0x000000077c200000, 0x0000000781400000, 0x0000000781400000)
  object space 83968K, 99% used [0x000000077c200000,0x00000007813ffff0,0x0000000781400000)
}
Event: 3690.992 GC heap before
{Heap before GC invocations=62 (full 16):
 PSYoungGen      total 33792K, used 0K [0x00000007d5c00000, 0x00000007d8400000, 0x0000000800000000)
  eden space 27136K, 0% used [0x00000007d5c00000,0x00000007d5c00000,0x00000007d7680000)
  from space 6656K, 0% used [0x00000007d7680000,0x00000007d7680000,0x00000007d7d00000)
  to   space 6656K, 0% used [0x00000007d7d80000,0x00000007d7d80000,0x00000007d8400000)
 ParOldGen       total 1384448K, used 15694K [0x0000000781400000, 0x00000007d5c00000, 0x00000007d5c00000)
  object space 1384448K, 1% used [0x0000000781400000,0x0000000782353a50,0x00000007d5c00000)
 PSPermGen       total 83968K, used 83967K [0x000000077c200000, 0x0000000781400000, 0x0000000781400000)
  object space 83968K, 99% used [0x000000077c200000,0x00000007813ffff0,0x0000000781400000)
Event: 3691.029 GC heap after
Heap after GC invocations=62 (full 16):
 PSYoungGen      total 34304K, used 0K [0x00000007d5c00000, 0x00000007d8380000, 0x0000000800000000)
  eden space 28160K, 0% used [0x00000007d5c00000,0x00000007d5c00000,0x00000007d7780000)
  from space 6144K, 0% used [0x00000007d7d80000,0x00000007d7d80000,0x00000007d8380000)
  to   space 6144K, 0% used [0x00000007d7780000,0x00000007d7780000,0x00000007d7d80000)
 ParOldGen       total 1384448K, used 15694K [0x0000000781400000, 0x00000007d5c00000, 0x00000007d5c00000)
  object space 1384448K, 1% used [0x0000000781400000,0x0000000782353a50,0x00000007d5c00000)
 PSPermGen       total 83968K, used 83967K [0x000000077c200000, 0x0000000781400000, 0x0000000781400000)
  object space 83968K, 99% used [0x000000077c200000,0x00000007813ffff0,0x0000000781400000)
}
Event: 3691.029 GC heap before
{Heap before GC invocations=63 (full 17):
 PSYoungGen      total 34304K, used 0K [0x00000007d5c00000, 0x00000007d8380000, 0x0000000800000000)
  eden space 28160K, 0% used [0x00000007d5c00000,0x00000007d5c00000,0x00000007d7780000)
  from space 6144K, 0% used [0x00000007d7d80000,0x00000007d7d80000,0x00000007d8380000)
  to   space 6144K, 0% used [0x00000007d7780000,0x00000007d7780000,0x00000007d7d80000)
 ParOldGen       total 1384448K, used 15694K [0x0000000781400000, 0x00000007d5c00000, 0x00000007d5c00000)
  object space 1384448K, 1% used [0x0000000781400000,0x0000000782353a50,0x00000007d5c00000)
 PSPermGen       total 83968K, used 83967K [0x000000077c200000, 0x0000000781400000, 0x0000000781400000)
  object space 83968K, 99% used [0x000000077c200000,0x00000007813ffff0,0x0000000781400000)
Event: 3691.099 GC heap after
Heap after GC invocations=63 (full 17):
 PSYoungGen      total 34304K, used 0K [0x00000007d5c00000, 0x00000007d8380000, 0x0000000800000000)
  eden space 28160K, 0% used [0x00000007d5c00000,0x00000007d5c00000,0x00000007d7780000)
  from space 6144K, 0% used [0x00000007d7d80000,0x00000007d7d80000,0x00000007d8380000)
  to   space 6144K, 0% used [0x00000007d7780000,0x00000007d7780000,0x00000007d7d80000)
 ParOldGen       total 1384448K, used 15694K [0x0000000781400000, 0x00000007d5c00000, 0x00000007d5c00000)
  object space 1384448K, 1% used [0x0000000781400000,0x0000000782353a50,0x00000007d5c00000)
 PSPermGen       total 83968K, used 83967K [0x000000077c200000, 0x0000000781400000, 0x0000000781400000)
  object space 83968K, 99% used [0x000000077c200000,0x00000007813ffff0,0x0000000781400000)
}

